Start testing: Dec 30 14:58 EST
----------------------------------------------------------
Unable to find executable: /home/maximosn/linkedhashmap/out/build/test/testOne
1/1 Testing: testOne
1/1 Test: testOne
Command: ""
Directory: /home/maximosn/linkedhashmap/out/build/test
"testOne" start time: 
Output:
----------------------------------------------------------
<end of output>
Test time =   0.00 sec
----------------------------------------------------------
Test Passed.
"testOne" end time: Dec 30 14:58 EST
"testOne" time elapsed: 00:00:00
----------------------------------------------------------

End testing: Dec 30 14:58 EST
